app/build/intermediates/manifest_merge_blame_file/debug/manifest-merger-blame-debug-report.txt
1<?xml version="1.0" encoding="utf-8"?>
2<manifest xmlns:android="http://schemas.android.com/apk/res/android"
3    package="com.sk.android.sksdkandroidpr"
4    android:versionCode="1"
5    android:versionName="1.0" >
6
7    <uses-sdk
8        android:minSdkVersion="16"
8-->src/main/AndroidManifest.xml
9        android:targetSdkVersion="29" />
9-->src/main/AndroidManifest.xml
10
11    <uses-permission android:name="android.permission.READ_PHONE_NUMBERS" />
11-->src/main/AndroidManifest.xml:5:5-77
11-->src/main/AndroidManifest.xml:5:22-74
12    <uses-permission android:name="android.permission.ACCESS_COARSE_LOCATION" />
12-->src/main/AndroidManifest.xml:6:5-81
12-->src/main/AndroidManifest.xml:6:22-78
13    <uses-permission android:name="android.permission.ACCESS_FINE_LOCATION" />
13-->src/main/AndroidManifest.xml:7:5-79
13-->src/main/AndroidManifest.xml:7:22-76
14    <uses-permission android:name="android.permission.ACCESS_COARSE_UPDATES" />
14-->src/main/AndroidManifest.xml:8:5-80
14-->src/main/AndroidManifest.xml:8:22-77
15    <uses-permission android:name="android.permission.ACCESS_NETWORK_STATE" />
15-->src/main/AndroidManifest.xml:9:5-79
15-->src/main/AndroidManifest.xml:9:22-76
16    <uses-permission android:name="android.permission.ACCESS_WIFI_STATE" />
16-->src/main/AndroidManifest.xml:10:5-76
16-->src/main/AndroidManifest.xml:10:22-73
17    <uses-permission android:name="android.permission.READ_PHONE_STATE" />
17-->src/main/AndroidManifest.xml:11:5-74
17-->src/main/AndroidManifest.xml:11:22-72
18    <uses-permission android:name="android.permission.READ_SMS" />
18-->src/main/AndroidManifest.xml:12:5-66
18-->src/main/AndroidManifest.xml:12:22-64
19
20    <permission
20-->src/main/AndroidManifest.xml:13:5-14:47
21        android:name="com.name.name.permission.C2D_MESSAGE"
21-->src/main/AndroidManifest.xml:13:17-68
22        android:protectionLevel="signature" />
22-->src/main/AndroidManifest.xml:14:9-44
23
24    <uses-permission android:name="com.name.name.permission.C2D_MESSAGE" />
24-->src/main/AndroidManifest.xml:15:5-76
24-->src/main/AndroidManifest.xml:15:22-73
25    <uses-permission android:name="android.permission.USE_FINGERPRINT" />
25-->src/main/AndroidManifest.xml:16:5-74
25-->src/main/AndroidManifest.xml:16:22-71
26    <uses-permission android:name="android.permission.WAKE_LOCK" />
26-->[androidx.work:work-runtime:2.0.0] AndroidManifest.xml:23:5-68
26-->[androidx.work:work-runtime:2.0.0] AndroidManifest.xml:23:22-65
27    <uses-permission android:name="android.permission.RECEIVE_BOOT_COMPLETED" />
27-->[androidx.work:work-runtime:2.0.0] AndroidManifest.xml:25:5-81
27-->[androidx.work:work-runtime:2.0.0] AndroidManifest.xml:25:22-78
28    <uses-permission android:name="android.permission.INTERNET" /> <!-- Required by older versions of Google Play services to create IID tokens -->
28-->[com.google.android.gms:play-services-measurement-api:17.2.0] AndroidManifest.xml:22:5-67
28-->[com.google.android.gms:play-services-measurement-api:17.2.0] AndroidManifest.xml:22:22-64
29    <uses-permission android:name="com.google.android.c2dm.permission.RECEIVE" />
29-->[com.google.firebase:firebase-iid:20.0.0] AndroidManifest.xml:26:5-82
29-->[com.google.firebase:firebase-iid:20.0.0] AndroidManifest.xml:26:22-79
30    <uses-permission android:name="com.google.android.finsky.permission.BIND_GET_INSTALL_REFERRER_SERVICE" />
30-->[com.google.android.gms:play-services-measurement:17.2.0] AndroidManifest.xml:26:5-110
30-->[com.google.android.gms:play-services-measurement:17.2.0] AndroidManifest.xml:26:22-107
31
32    <application
32-->src/main/AndroidManifest.xml:19:5-45:19
33        android:allowBackup="true"
33-->src/main/AndroidManifest.xml:20:9-35
34        android:appComponentFactory="androidx.core.app.CoreComponentFactory"
34-->[androidx.core:core:1.1.0] AndroidManifest.xml:24:18-86
35        android:debuggable="true"
36        android:icon="@mipmap/ic_launcher"
36-->src/main/AndroidManifest.xml:21:9-43
37        android:label="@string/app_name"
37-->src/main/AndroidManifest.xml:22:9-41
38        android:roundIcon="@mipmap/ic_launcher_round"
38-->src/main/AndroidManifest.xml:23:9-54
39        android:supportsRtl="true"
39-->src/main/AndroidManifest.xml:24:9-35
40        android:testOnly="true"
41        android:theme="@style/AppTheme" >
41-->src/main/AndroidManifest.xml:25:9-40
42        <service android:name="com.sk.android.sksdkandroid.SkFirebaseService" >
42-->src/main/AndroidManifest.xml:27:9-32:19
42-->src/main/AndroidManifest.xml:28:13-73
43            <intent-filter>
43-->src/main/AndroidManifest.xml:29:13-31:29
44                <action android:name="com.google.firebase.MESSAGING_EVENT" />
44-->src/main/AndroidManifest.xml:30:17-77
44-->src/main/AndroidManifest.xml:30:25-75
45            </intent-filter>
46        </service>
47
48        <meta-data
48-->src/main/AndroidManifest.xml:34:9-36:53
49            android:name="com.google.firebase.messaging.default_notification_color"
49-->src/main/AndroidManifest.xml:35:13-84
50            android:resource="@color/colorAccent" />
50-->src/main/AndroidManifest.xml:36:13-50
51
52        <activity android:name="com.sk.android.sksdkandroidpr.MainActivity" >
52-->src/main/AndroidManifest.xml:38:9-44:20
52-->src/main/AndroidManifest.xml:38:19-47
53            <intent-filter>
53-->src/main/AndroidManifest.xml:39:13-43:29
54                <action android:name="android.intent.action.MAIN" />
54-->src/main/AndroidManifest.xml:40:17-69
54-->src/main/AndroidManifest.xml:40:25-66
55
56                <category android:name="android.intent.category.LAUNCHER" />
56-->src/main/AndroidManifest.xml:42:17-77
56-->src/main/AndroidManifest.xml:42:27-74
57            </intent-filter>
58        </activity>
59        <!--
60             FirebaseMessagingService performs security checks at runtime,
61             but set to not exported to explicitly avoid allowing another app to call it.
62        -->
63        <service
63-->[com.google.firebase:firebase-messaging:20.0.0] AndroidManifest.xml:28:9-34:19
64            android:name="com.google.firebase.messaging.FirebaseMessagingService"
64-->[com.google.firebase:firebase-messaging:20.0.0] AndroidManifest.xml:29:13-82
65            android:exported="false" >
65-->[com.google.firebase:firebase-messaging:20.0.0] AndroidManifest.xml:30:13-37
66            <intent-filter android:priority="-500" >
66-->src/main/AndroidManifest.xml:29:13-31:29
67                <action android:name="com.google.firebase.MESSAGING_EVENT" />
67-->src/main/AndroidManifest.xml:30:17-77
67-->src/main/AndroidManifest.xml:30:25-75
68            </intent-filter>
69        </service>
70
71        <provider
71-->[androidx.work:work-runtime:2.0.0] AndroidManifest.xml:28:9-34:35
72            android:name="androidx.work.impl.WorkManagerInitializer"
72-->[androidx.work:work-runtime:2.0.0] AndroidManifest.xml:29:13-69
73            android:authorities="com.sk.android.sksdkandroidpr.workmanager-init"
73-->[androidx.work:work-runtime:2.0.0] AndroidManifest.xml:30:13-68
74            android:directBootAware="false"
74-->[androidx.work:work-runtime:2.0.0] AndroidManifest.xml:31:13-44
75            android:exported="false"
75-->[androidx.work:work-runtime:2.0.0] AndroidManifest.xml:32:13-37
76            android:multiprocess="true" />
76-->[androidx.work:work-runtime:2.0.0] AndroidManifest.xml:33:13-40
77
78        <service
78-->[androidx.work:work-runtime:2.0.0] AndroidManifest.xml:36:9-41:35
79            android:name="androidx.work.impl.background.systemalarm.SystemAlarmService"
79-->[androidx.work:work-runtime:2.0.0] AndroidManifest.xml:37:13-88
80            android:directBootAware="false"
80-->[androidx.work:work-runtime:2.0.0] AndroidManifest.xml:38:13-44
81            android:enabled="@bool/enable_system_alarm_service_default"
81-->[androidx.work:work-runtime:2.0.0] AndroidManifest.xml:39:13-72
82            android:exported="false" />
82-->[androidx.work:work-runtime:2.0.0] AndroidManifest.xml:40:13-37
83        <service
83-->[androidx.work:work-runtime:2.0.0] AndroidManifest.xml:42:9-48:35
84            android:name="androidx.work.impl.background.systemjob.SystemJobService"
84-->[androidx.work:work-runtime:2.0.0] AndroidManifest.xml:43:13-84
85            android:directBootAware="false"
85-->[androidx.work:work-runtime:2.0.0] AndroidManifest.xml:44:13-44
86            android:enabled="@bool/enable_system_job_service_default"
86-->[androidx.work:work-runtime:2.0.0] AndroidManifest.xml:45:13-70
87            android:exported="true"
87-->[androidx.work:work-runtime:2.0.0] AndroidManifest.xml:46:13-36
88            android:permission="android.permission.BIND_JOB_SERVICE" />
88-->[androidx.work:work-runtime:2.0.0] AndroidManifest.xml:47:13-69
89
90        <receiver
90-->[androidx.work:work-runtime:2.0.0] AndroidManifest.xml:50:9-55:35
91            android:name="androidx.work.impl.utils.ForceStopRunnable$BroadcastReceiver"
91-->[androidx.work:work-runtime:2.0.0] AndroidManifest.xml:51:13-88
92            android:directBootAware="false"
92-->[androidx.work:work-runtime:2.0.0] AndroidManifest.xml:52:13-44
93            android:enabled="true"
93-->[androidx.work:work-runtime:2.0.0] AndroidManifest.xml:53:13-35
94            android:exported="false" />
94-->[androidx.work:work-runtime:2.0.0] AndroidManifest.xml:54:13-37
95        <receiver
95-->[androidx.work:work-runtime:2.0.0] AndroidManifest.xml:56:9-66:20
96            android:name="androidx.work.impl.background.systemalarm.ConstraintProxy$BatteryChargingProxy"
96-->[androidx.work:work-runtime:2.0.0] AndroidManifest.xml:57:13-106
97            android:directBootAware="false"
97-->[androidx.work:work-runtime:2.0.0] AndroidManifest.xml:58:13-44
98            android:enabled="false"
98-->[androidx.work:work-runtime:2.0.0] AndroidManifest.xml:59:13-36
99            android:exported="false" >
99-->[androidx.work:work-runtime:2.0.0] AndroidManifest.xml:60:13-37
100            <intent-filter>
100-->[androidx.work:work-runtime:2.0.0] AndroidManifest.xml:62:13-65:29
101                <action android:name="android.intent.action.ACTION_POWER_CONNECTED" />
101-->[androidx.work:work-runtime:2.0.0] AndroidManifest.xml:63:17-87
101-->[androidx.work:work-runtime:2.0.0] AndroidManifest.xml:63:25-84
102                <action android:name="android.intent.action.ACTION_POWER_DISCONNECTED" />
102-->[androidx.work:work-runtime:2.0.0] AndroidManifest.xml:64:17-90
102-->[androidx.work:work-runtime:2.0.0] AndroidManifest.xml:64:25-87
103            </intent-filter>
104        </receiver>
105        <receiver
105-->[androidx.work:work-runtime:2.0.0] AndroidManifest.xml:67:9-77:20
106            android:name="androidx.work.impl.background.systemalarm.ConstraintProxy$BatteryNotLowProxy"
106-->[androidx.work:work-runtime:2.0.0] AndroidManifest.xml:68:13-104
107            android:directBootAware="false"
107-->[androidx.work:work-runtime:2.0.0] AndroidManifest.xml:69:13-44
108            android:enabled="false"
108-->[androidx.work:work-runtime:2.0.0] AndroidManifest.xml:70:13-36
109            android:exported="false" >
109-->[androidx.work:work-runtime:2.0.0] AndroidManifest.xml:71:13-37
110            <intent-filter>
110-->[androidx.work:work-runtime:2.0.0] AndroidManifest.xml:73:13-76:29
111                <action android:name="android.intent.action.BATTERY_OKAY" />
111-->[androidx.work:work-runtime:2.0.0] AndroidManifest.xml:74:17-77
111-->[androidx.work:work-runtime:2.0.0] AndroidManifest.xml:74:25-74
112                <action android:name="android.intent.action.BATTERY_LOW" />
112-->[androidx.work:work-runtime:2.0.0] AndroidManifest.xml:75:17-76
112-->[androidx.work:work-runtime:2.0.0] AndroidManifest.xml:75:25-73
113            </intent-filter>
114        </receiver>
115        <receiver
115-->[androidx.work:work-runtime:2.0.0] AndroidManifest.xml:78:9-88:20
116            android:name="androidx.work.impl.background.systemalarm.ConstraintProxy$StorageNotLowProxy"
116-->[androidx.work:work-runtime:2.0.0] AndroidManifest.xml:79:13-104
117            android:directBootAware="false"
117-->[androidx.work:work-runtime:2.0.0] AndroidManifest.xml:80:13-44
118            android:enabled="false"
118-->[androidx.work:work-runtime:2.0.0] AndroidManifest.xml:81:13-36
119            android:exported="false" >
119-->[androidx.work:work-runtime:2.0.0] AndroidManifest.xml:82:13-37
120            <intent-filter>
120-->[androidx.work:work-runtime:2.0.0] AndroidManifest.xml:84:13-87:29
121                <action android:name="android.intent.action.DEVICE_STORAGE_LOW" />
121-->[androidx.work:work-runtime:2.0.0] AndroidManifest.xml:85:17-83
121-->[androidx.work:work-runtime:2.0.0] AndroidManifest.xml:85:25-80
122                <action android:name="android.intent.action.DEVICE_STORAGE_OK" />
122-->[androidx.work:work-runtime:2.0.0] AndroidManifest.xml:86:17-82
122-->[androidx.work:work-runtime:2.0.0] AndroidManifest.xml:86:25-79
123            </intent-filter>
124        </receiver>
125        <receiver
125-->[androidx.work:work-runtime:2.0.0] AndroidManifest.xml:89:9-98:20
126            android:name="androidx.work.impl.background.systemalarm.ConstraintProxy$NetworkStateProxy"
126-->[androidx.work:work-runtime:2.0.0] AndroidManifest.xml:90:13-103
127            android:directBootAware="false"
127-->[androidx.work:work-runtime:2.0.0] AndroidManifest.xml:91:13-44
128            android:enabled="false"
128-->[androidx.work:work-runtime:2.0.0] AndroidManifest.xml:92:13-36
129            android:exported="false" >
129-->[androidx.work:work-runtime:2.0.0] AndroidManifest.xml:93:13-37
130            <intent-filter>
130-->[androidx.work:work-runtime:2.0.0] AndroidManifest.xml:95:13-97:29
131                <action android:name="android.net.conn.CONNECTIVITY_CHANGE" />
131-->[androidx.work:work-runtime:2.0.0] AndroidManifest.xml:96:17-79
131-->[androidx.work:work-runtime:2.0.0] AndroidManifest.xml:96:25-76
132            </intent-filter>
133        </receiver>
134        <receiver
134-->[androidx.work:work-runtime:2.0.0] AndroidManifest.xml:99:9-110:20
135            android:name="androidx.work.impl.background.systemalarm.RescheduleReceiver"
135-->[androidx.work:work-runtime:2.0.0] AndroidManifest.xml:100:13-88
136            android:directBootAware="false"
136-->[androidx.work:work-runtime:2.0.0] AndroidManifest.xml:101:13-44
137            android:enabled="false"
137-->[androidx.work:work-runtime:2.0.0] AndroidManifest.xml:102:13-36
138            android:exported="false" >
138-->[androidx.work:work-runtime:2.0.0] AndroidManifest.xml:103:13-37
139            <intent-filter>
139-->[androidx.work:work-runtime:2.0.0] AndroidManifest.xml:105:13-109:29
140                <action android:name="android.intent.action.BOOT_COMPLETED" />
140-->[androidx.work:work-runtime:2.0.0] AndroidManifest.xml:106:17-79
140-->[androidx.work:work-runtime:2.0.0] AndroidManifest.xml:106:25-76
141                <action android:name="android.intent.action.TIME_SET" />
141-->[androidx.work:work-runtime:2.0.0] AndroidManifest.xml:107:17-73
141-->[androidx.work:work-runtime:2.0.0] AndroidManifest.xml:107:25-70
142                <action android:name="android.intent.action.TIMEZONE_CHANGED" />
142-->[androidx.work:work-runtime:2.0.0] AndroidManifest.xml:108:17-81
142-->[androidx.work:work-runtime:2.0.0] AndroidManifest.xml:108:25-78
143            </intent-filter>
144        </receiver>
145        <receiver
145-->[androidx.work:work-runtime:2.0.0] AndroidManifest.xml:111:9-120:20
146            android:name="androidx.work.impl.background.systemalarm.ConstraintProxyUpdateReceiver"
146-->[androidx.work:work-runtime:2.0.0] AndroidManifest.xml:112:13-99
147            android:directBootAware="false"
147-->[androidx.work:work-runtime:2.0.0] AndroidManifest.xml:113:13-44
148            android:enabled="@bool/enable_system_alarm_service_default"
148-->[androidx.work:work-runtime:2.0.0] AndroidManifest.xml:114:13-72
149            android:exported="false" >
149-->[androidx.work:work-runtime:2.0.0] AndroidManifest.xml:115:13-37
150            <intent-filter>
150-->[androidx.work:work-runtime:2.0.0] AndroidManifest.xml:117:13-119:29
151                <action android:name="androidx.work.impl.background.systemalarm.UpdateProxies" />
151-->[androidx.work:work-runtime:2.0.0] AndroidManifest.xml:118:17-98
151-->[androidx.work:work-runtime:2.0.0] AndroidManifest.xml:118:25-95
152            </intent-filter>
153        </receiver>
154
155        <service
155-->[com.google.android.gms:play-services-measurement-api:17.2.0] AndroidManifest.xml:27:9-33:19
156            android:name="com.google.firebase.components.ComponentDiscoveryService"
156-->[com.google.android.gms:play-services-measurement-api:17.2.0] AndroidManifest.xml:28:13-84
157            android:exported="false" >
157-->[com.google.android.gms:play-services-measurement-api:17.2.0] AndroidManifest.xml:29:13-37
158            <meta-data
158-->[com.google.android.gms:play-services-measurement-api:17.2.0] AndroidManifest.xml:30:13-32:85
159                android:name="com.google.firebase.components:com.google.firebase.analytics.connector.internal.AnalyticsConnectorRegistrar"
159-->[com.google.android.gms:play-services-measurement-api:17.2.0] AndroidManifest.xml:31:17-139
160                android:value="com.google.firebase.components.ComponentRegistrar" />
160-->[com.google.android.gms:play-services-measurement-api:17.2.0] AndroidManifest.xml:32:17-82
161            <meta-data
161-->[com.google.firebase:firebase-iid:20.0.0] AndroidManifest.xml:32:13-34:85
162                android:name="com.google.firebase.components:com.google.firebase.iid.Registrar"
162-->[com.google.firebase:firebase-iid:20.0.0] AndroidManifest.xml:33:17-96
163                android:value="com.google.firebase.components.ComponentRegistrar" />
163-->[com.google.firebase:firebase-iid:20.0.0] AndroidManifest.xml:34:17-82
164        </service>
165
166        <receiver
166-->[com.google.firebase:firebase-iid:20.0.0] AndroidManifest.xml:37:9-44:20
167            android:name="com.google.firebase.iid.FirebaseInstanceIdReceiver"
167-->[com.google.firebase:firebase-iid:20.0.0] AndroidManifest.xml:38:13-78
168            android:exported="true"
168-->[com.google.firebase:firebase-iid:20.0.0] AndroidManifest.xml:39:13-36
169            android:permission="com.google.android.c2dm.permission.SEND" >
169-->[com.google.firebase:firebase-iid:20.0.0] AndroidManifest.xml:40:13-73
170            <intent-filter>
170-->[com.google.firebase:firebase-iid:20.0.0] AndroidManifest.xml:41:13-43:29
171                <action android:name="com.google.android.c2dm.intent.RECEIVE" />
171-->[com.google.firebase:firebase-iid:20.0.0] AndroidManifest.xml:42:17-81
171-->[com.google.firebase:firebase-iid:20.0.0] AndroidManifest.xml:42:25-78
172            </intent-filter>
173        </receiver>
174
175        <provider
175-->[com.google.firebase:firebase-common:19.0.0] AndroidManifest.xml:12:9-16:39
176            android:name="com.google.firebase.provider.FirebaseInitProvider"
176-->[com.google.firebase:firebase-common:19.0.0] AndroidManifest.xml:13:13-77
177            android:authorities="com.sk.android.sksdkandroidpr.firebaseinitprovider"
177-->[com.google.firebase:firebase-common:19.0.0] AndroidManifest.xml:14:13-72
178            android:exported="false"
178-->[com.google.firebase:firebase-common:19.0.0] AndroidManifest.xml:15:13-37
179            android:initOrder="100" />
179-->[com.google.firebase:firebase-common:19.0.0] AndroidManifest.xml:16:13-36
180
181        <activity
181-->[com.google.android.gms:play-services-base:17.0.0] AndroidManifest.xml:23:9-26:75
182            android:name="com.google.android.gms.common.api.GoogleApiActivity"
182-->[com.google.android.gms:play-services-base:17.0.0] AndroidManifest.xml:24:13-79
183            android:exported="false"
183-->[com.google.android.gms:play-services-base:17.0.0] AndroidManifest.xml:25:13-37
184            android:theme="@android:style/Theme.Translucent.NoTitleBar" />
184-->[com.google.android.gms:play-services-base:17.0.0] AndroidManifest.xml:26:13-72
185
186        <receiver
186-->[com.google.android.gms:play-services-measurement:17.2.0] AndroidManifest.xml:29:9-33:20
187            android:name="com.google.android.gms.measurement.AppMeasurementReceiver"
187-->[com.google.android.gms:play-services-measurement:17.2.0] AndroidManifest.xml:30:13-85
188            android:enabled="true"
188-->[com.google.android.gms:play-services-measurement:17.2.0] AndroidManifest.xml:31:13-35
189            android:exported="false" >
189-->[com.google.android.gms:play-services-measurement:17.2.0] AndroidManifest.xml:32:13-37
190        </receiver>
191        <receiver
191-->[com.google.android.gms:play-services-measurement:17.2.0] AndroidManifest.xml:34:9-42:20
192            android:name="com.google.android.gms.measurement.AppMeasurementInstallReferrerReceiver"
192-->[com.google.android.gms:play-services-measurement:17.2.0] AndroidManifest.xml:35:13-100
193            android:enabled="true"
193-->[com.google.android.gms:play-services-measurement:17.2.0] AndroidManifest.xml:36:13-35
194            android:exported="true"
194-->[com.google.android.gms:play-services-measurement:17.2.0] AndroidManifest.xml:37:13-36
195            android:permission="android.permission.INSTALL_PACKAGES" >
195-->[com.google.android.gms:play-services-measurement:17.2.0] AndroidManifest.xml:38:13-69
196            <intent-filter>
196-->[com.google.android.gms:play-services-measurement:17.2.0] AndroidManifest.xml:39:13-41:29
197                <action android:name="com.android.vending.INSTALL_REFERRER" />
197-->[com.google.android.gms:play-services-measurement:17.2.0] AndroidManifest.xml:40:17-79
197-->[com.google.android.gms:play-services-measurement:17.2.0] AndroidManifest.xml:40:25-76
198            </intent-filter>
199        </receiver>
200
201        <service
201-->[com.google.android.gms:play-services-measurement:17.2.0] AndroidManifest.xml:44:9-47:40
202            android:name="com.google.android.gms.measurement.AppMeasurementService"
202-->[com.google.android.gms:play-services-measurement:17.2.0] AndroidManifest.xml:45:13-84
203            android:enabled="true"
203-->[com.google.android.gms:play-services-measurement:17.2.0] AndroidManifest.xml:46:13-35
204            android:exported="false" />
204-->[com.google.android.gms:play-services-measurement:17.2.0] AndroidManifest.xml:47:13-37
205        <service
205-->[com.google.android.gms:play-services-measurement:17.2.0] AndroidManifest.xml:48:9-52:72
206            android:name="com.google.android.gms.measurement.AppMeasurementJobService"
206-->[com.google.android.gms:play-services-measurement:17.2.0] AndroidManifest.xml:49:13-87
207            android:enabled="true"
207-->[com.google.android.gms:play-services-measurement:17.2.0] AndroidManifest.xml:50:13-35
208            android:exported="false"
208-->[com.google.android.gms:play-services-measurement:17.2.0] AndroidManifest.xml:51:13-37
209            android:permission="android.permission.BIND_JOB_SERVICE" />
209-->[com.google.android.gms:play-services-measurement:17.2.0] AndroidManifest.xml:52:13-69
210
211        <meta-data
211-->[com.google.android.gms:play-services-basement:17.0.0] AndroidManifest.xml:23:9-25:69
212            android:name="com.google.android.gms.version"
212-->[com.google.android.gms:play-services-basement:17.0.0] AndroidManifest.xml:24:13-58
213            android:value="@integer/google_play_services_version" />
213-->[com.google.android.gms:play-services-basement:17.0.0] AndroidManifest.xml:25:13-66
214
215        <provider
215-->[androidx.lifecycle:lifecycle-process:2.0.0] AndroidManifest.xml:23:9-27:43
216            android:name="androidx.lifecycle.ProcessLifecycleOwnerInitializer"
216-->[androidx.lifecycle:lifecycle-process:2.0.0] AndroidManifest.xml:24:13-79
217            android:authorities="com.sk.android.sksdkandroidpr.lifecycle-process"
217-->[androidx.lifecycle:lifecycle-process:2.0.0] AndroidManifest.xml:25:13-69
218            android:exported="false"
218-->[androidx.lifecycle:lifecycle-process:2.0.0] AndroidManifest.xml:26:13-37
219            android:multiprocess="true" />
219-->[androidx.lifecycle:lifecycle-process:2.0.0] AndroidManifest.xml:27:13-40
220    </application>
221
222</manifest>